
**************************************************************
 Geant4 version Name: geant4-10-05-patch-01 [MT]   (17-April-2019)
  << in Multi-threaded mode >> 
                       Copyright : Geant4 Collaboration
                      References : NIM A 506 (2003), 250-303
                                 : IEEE-TNS 53 (2006), 270-278
                                 : NIM A 835 (2016), 186-225
                             WWW : http://geant4.org/
**************************************************************

<<< Geant4 Physics List simulation engine: FTFP_BERT_HP 2.0

/run/verbose 2
#
/testhadr/det/setMat G4_WATER
/testhadr/det/setSize 20 m
/run/reinitializeGeometry
#
#/testhadr/phys/thermalScattering true
#
/run/initialize
userDetector->Construct() start.

 The Box is 20 m   of G4_WATER
 
 Material: G4_WATER H_2O   density:  1.000 g/cm3   RadL:  36.083 cm   Nucl.Int.Length:  75.375 cm 
                       Imean:  78.000 eV   temperature: 293.15 K  pressure:   1.00 atm

   --->  Element: H (H)   Z =  1.0   N =     1   A =  1.008 g/mole
         --->  Isotope:    H1   Z =  1   N =   1   A =   1.01 g/mole   abundance: 99.989 %
         --->  Isotope:    H2   Z =  1   N =   2   A =   2.01 g/mole   abundance:  0.011 %
          ElmMassFraction:  11.19 %  ElmAbundance  66.67 % 

   --->  Element: O (O)   Z =  8.0   N =    16   A = 15.999 g/mole
         --->  Isotope:   O16   Z =  8   N =  16   A =  15.99 g/mole   abundance: 99.757 %
         --->  Isotope:   O17   Z =  8   N =  17   A =  17.00 g/mole   abundance:  0.038 %
         --->  Isotope:   O18   Z =  8   N =  18   A =  18.00 g/mole   abundance:  0.205 %
          ElmMassFraction:  88.81 %  ElmAbundance  33.33 % 

G4_WATER is registered to the default region.
physicsList->Construct() start.

 FTFP_BERT_HP : new threshold between BERT and FTFP is over the interval 
 for pions :   3 to 12 GeV
 for kaons :   3 to 12 GeV
 for proton :  3 to 12 GeV
 for neutron : 3 to 12 GeV

/usr/local/share/Geant4-10.5.1/data/G4NDL4.5
@@@ G4ParticleHPInelastic instantiated for particle neutron data directory variable is G4NEUTRONHPDATA pointing to /usr/local/share/Geant4-10.5.1/data/G4NDL4.5/Inelastic
@@@ G4ParticleHPInelasticData instantiated for particle neutron data directory variable is G4NEUTRONHPDATA pointing to /usr/local/share/Geant4-10.5.1/data/G4NDL4.5
NeutronHP: /Capture file for Z = 8, A = 18 is not found and NeutronHP will use /usr/local/share/Geant4-10.5.1/data/G4NDL4.5/Capture/CrossSection/8_17_Oxygen
NeutronHP: /Elastic file for Z = 8, A = 18 is not found and NeutronHP will use /usr/local/share/Geant4-10.5.1/data/G4NDL4.5/Elastic/CrossSection/8_17_Oxygen
NeutronHP: /Inelastic file for Z = 8, A = 18 is not found and NeutronHP will use /usr/local/share/Geant4-10.5.1/data/G4NDL4.5/Inelastic/CrossSection/8_17_Oxygen
NeutronHP: /Capture file for Z = 6, A = 12 is not found and NeutronHP will use /usr/local/share/Geant4-10.5.1/data/G4NDL4.5/Capture/CrossSection/6_nat_Carbon
NeutronHP: /Elastic file for Z = 6, A = 12 is not found and NeutronHP will use /usr/local/share/Geant4-10.5.1/data/G4NDL4.5/Elastic/CrossSection/6_nat_Carbon
NeutronHP: /Inelastic file for Z = 6, A = 12 is not found and NeutronHP will use /usr/local/share/Geant4-10.5.1/data/G4NDL4.5/Inelastic/CrossSection/6_nat_Carbon
NeutronHP: /Capture file for Z = 8, A = 18 is not found and NeutronHP will use /usr/local/share/Geant4-10.5.1/data/G4NDL4.5/Capture/CrossSection/8_17_Oxygen
NeutronHP: /Elastic file for Z = 8, A = 18 is not found and NeutronHP will use /usr/local/share/Geant4-10.5.1/data/G4NDL4.5/Elastic/CrossSection/8_17_Oxygen
NeutronHP: /Inelastic file for Z = 8, A = 18 is not found and NeutronHP will use /usr/local/share/Geant4-10.5.1/data/G4NDL4.5/Inelastic/CrossSection/8_17_Oxygen
physicsList->CheckParticleList() start.
physicsList->setCut() start.
/run/physicsModified

phot:  for gamma SubType=12 BuildTable=0
      LambdaPrime table from 200 keV to 100 TeV in 61 bins 
      ===== EM models for the G4Region  DefaultRegionForTheWorld ======
 LivermorePhElectric : Emin=    0 eV  Emax=  100 TeV  SauterGavrila Fluo

compt:  for gamma SubType=13 BuildTable=1
      Lambda table from 100 eV  to 1 MeV, 7 bins/decade, spline: 1
      LambdaPrime table from 1 MeV to 100 TeV in 56 bins 
      ===== EM models for the G4Region  DefaultRegionForTheWorld ======
       Klein-Nishina : Emin=    0 eV  Emax=  100 TeV

conv:  for gamma SubType=14 BuildTable=1
      Lambda table from 1.022 MeV to 100 TeV, 18 bins/decade, spline: 1
      ===== EM models for the G4Region  DefaultRegionForTheWorld ======
        BetheHeitler : Emin=    0 eV  Emax=   80 GeV  ModifiedTsai
     BetheHeitlerLPM : Emin=   80 GeV Emax=  100 TeV  ModifiedTsai

Rayl:  for gamma SubType=11 BuildTable=1
      Lambda table from 100 eV  to 100 keV, 7 bins/decade, spline: 0
      LambdaPrime table from 100 keV to 100 TeV in 63 bins 
      ===== EM models for the G4Region  DefaultRegionForTheWorld ======
   LivermoreRayleigh : Emin=    0 eV  Emax=  100 TeV  CullenGenerator

msc:  for e-  SubType= 10
      RangeFactor= 0.04, stepLimType: 1, latDisp: 1
      ===== EM models for the G4Region  DefaultRegionForTheWorld ======
            UrbanMsc : Emin=    0 eV  Emax=  100 MeV Nbins=42 100 eV  - 100 MeV
        WentzelVIUni : Emin=  100 MeV Emax=  100 TeV Nbins=42 100 MeV - 100 TeV

eIoni:  for e-  SubType=2
      dE/dx and range tables from 100 eV  to 100 TeV in 84 bins
      Lambda tables from threshold to 100 TeV, 7 bins/decade, spline: 1
      StepFunction=(0.2, 1 mm), integ: 1, fluct: 1, linLossLim= 0.01
      ===== EM models for the G4Region  DefaultRegionForTheWorld ======
        MollerBhabha : Emin=    0 eV  Emax=  100 TeV

eBrem:  for e-  SubType=3
      dE/dx and range tables from 100 eV  to 100 TeV in 84 bins
      Lambda tables from threshold to 100 TeV, 7 bins/decade, spline: 1
      LPM flag: 1 for E > 1 GeV,  VertexHighEnergyTh(GeV)= 100000
      ===== EM models for the G4Region  DefaultRegionForTheWorld ======
             eBremSB : Emin=    0 eV  Emax=    1 GeV  ModifiedTsai
            eBremLPM : Emin=    1 GeV Emax=  100 TeV  ModifiedTsai

CoulombScat:  for e-, integral:1  SubType=1 BuildTable=1
      Lambda table from 100 MeV to 100 TeV, 7 bins/decade, spline: 1
      ThetaMin(p) < Theta(degree) < 180; pLimit(GeV^1)= 0.139531
      ===== EM models for the G4Region  DefaultRegionForTheWorld ======
  eCoulombScattering : Emin=  100 MeV Emax=  100 TeV

msc:  for e+  SubType= 10
      RangeFactor= 0.04, stepLimType: 1, latDisp: 1
      ===== EM models for the G4Region  DefaultRegionForTheWorld ======
            UrbanMsc : Emin=    0 eV  Emax=  100 MeV Nbins=42 100 eV  - 100 MeV
        WentzelVIUni : Emin=  100 MeV Emax=  100 TeV Nbins=42 100 MeV - 100 TeV

eIoni:  for e+  SubType=2
      dE/dx and range tables from 100 eV  to 100 TeV in 84 bins
      Lambda tables from threshold to 100 TeV, 7 bins/decade, spline: 1
      StepFunction=(0.2, 1 mm), integ: 1, fluct: 1, linLossLim= 0.01
      ===== EM models for the G4Region  DefaultRegionForTheWorld ======
        MollerBhabha : Emin=    0 eV  Emax=  100 TeV

eBrem:  for e+  SubType=3
      dE/dx and range tables from 100 eV  to 100 TeV in 84 bins
      Lambda tables from threshold to 100 TeV, 7 bins/decade, spline: 1
      LPM flag: 1 for E > 1 GeV,  VertexHighEnergyTh(GeV)= 100000
      ===== EM models for the G4Region  DefaultRegionForTheWorld ======
             eBremSB : Emin=    0 eV  Emax=    1 GeV  ModifiedTsai
            eBremLPM : Emin=    1 GeV Emax=  100 TeV  ModifiedTsai

annihil:  for e+, integral:1  SubType=5 BuildTable=0
      ===== EM models for the G4Region  DefaultRegionForTheWorld ======
            eplus2gg : Emin=    0 eV  Emax=  100 TeV

CoulombScat:  for e+, integral:1  SubType=1 BuildTable=1
      Lambda table from 100 MeV to 100 TeV, 7 bins/decade, spline: 1
      ThetaMin(p) < Theta(degree) < 180; pLimit(GeV^1)= 0.139531
      ===== EM models for the G4Region  DefaultRegionForTheWorld ======
  eCoulombScattering : Emin=  100 MeV Emax=  100 TeV

msc:  for proton  SubType= 10
      RangeFactor= 0.2, stepLimType: 0, latDisp: 0
      ===== EM models for the G4Region  DefaultRegionForTheWorld ======
        WentzelVIUni : Emin=    0 eV  Emax=  100 TeV Nbins=84 100 eV  - 100 TeV

hIoni:  for proton  SubType=2
      dE/dx and range tables from 100 eV  to 100 TeV in 84 bins
      Lambda tables from threshold to 100 TeV, 7 bins/decade, spline: 1
      StepFunction=(0.2, 0.1 mm), integ: 1, fluct: 1, linLossLim= 0.01
      ===== EM models for the G4Region  DefaultRegionForTheWorld ======
               Bragg : Emin=    0 eV  Emax=    2 MeV
          BetheBloch : Emin=    2 MeV Emax=  100 TeV

hBrems:  for proton  SubType=3
      dE/dx and range tables from 100 eV  to 100 TeV in 84 bins
      Lambda tables from threshold to 100 TeV, 7 bins/decade, spline: 1
      ===== EM models for the G4Region  DefaultRegionForTheWorld ======
               hBrem : Emin=    0 eV  Emax=  100 TeV

hPairProd:  for proton  SubType=4
      dE/dx and range tables from 100 eV  to 100 TeV in 84 bins
      Lambda tables from threshold to 100 TeV, 7 bins/decade, spline: 1
      Sampling table 17x1001; from 7.50618 GeV to 100 TeV 
      ===== EM models for the G4Region  DefaultRegionForTheWorld ======
           hPairProd : Emin=    0 eV  Emax=  100 TeV

CoulombScat:  for proton, integral:1  SubType=1 BuildTable=1
      Lambda table from threshold  to 100 TeV, 7 bins/decade, spline: 1
      ThetaMin(p) < Theta(degree) < 180; pLimit(GeV^1)= 0.139531
      ===== EM models for the G4Region  DefaultRegionForTheWorld ======
  eCoulombScattering : Emin=    0 eV  Emax=  100 TeV

msc:  for GenericIon  SubType= 10
      RangeFactor= 0.2, stepLimType: 0, latDisp: 0
      ===== EM models for the G4Region  DefaultRegionForTheWorld ======
            UrbanMsc : Emin=    0 eV  Emax=  100 TeV

ionIoni:  for GenericIon  SubType=2
      dE/dx and range tables from 100 eV  to 100 TeV in 84 bins
      Lambda tables from threshold to 100 TeV, 7 bins/decade, spline: 1
      StepFunction=(0.2, 0.1 mm), integ: 1, fluct: 1, linLossLim= 0.02
      Stopping Power data for 17 ion/material pairs
      ===== EM models for the G4Region  DefaultRegionForTheWorld ======
            BraggIon : Emin=    0 eV  Emax=    2 MeV
          BetheBloch : Emin=    2 MeV Emax=  100 TeV

msc:  for alpha  SubType= 10
      RangeFactor= 0.2, stepLimType: 0, latDisp: 0
      ===== EM models for the G4Region  DefaultRegionForTheWorld ======
            UrbanMsc : Emin=    0 eV  Emax=  100 TeV Nbins=84 100 eV  - 100 TeV

ionIoni:  for alpha  SubType=2
      dE/dx and range tables from 100 eV  to 100 TeV in 84 bins
      Lambda tables from threshold to 100 TeV, 7 bins/decade, spline: 1
      StepFunction=(0.2, 0.1 mm), integ: 1, fluct: 1, linLossLim= 0.02
      ===== EM models for the G4Region  DefaultRegionForTheWorld ======
            BraggIon : Emin=    0 eV  Emax=7.9452 MeV
          BetheBloch : Emin=7.9452 MeV Emax=  100 TeV

msc:  for anti_proton  SubType= 10
      RangeFactor= 0.2, stepLimType: 0, latDisp: 0
      ===== EM models for the G4Region  DefaultRegionForTheWorld ======
        WentzelVIUni : Emin=    0 eV  Emax=  100 TeV Nbins=84 100 eV  - 100 TeV

hIoni:  for anti_proton  SubType=2
      dE/dx and range tables from 100 eV  to 100 TeV in 84 bins
      Lambda tables from threshold to 100 TeV, 7 bins/decade, spline: 1
      StepFunction=(0.2, 0.1 mm), integ: 1, fluct: 1, linLossLim= 0.01
      ===== EM models for the G4Region  DefaultRegionForTheWorld ======
            ICRU73QO : Emin=    0 eV  Emax=    2 MeV
          BetheBloch : Emin=    2 MeV Emax=  100 TeV

hBrems:  for anti_proton  SubType=3
      dE/dx and range tables from 100 eV  to 100 TeV in 84 bins
      Lambda tables from threshold to 100 TeV, 7 bins/decade, spline: 1
      ===== EM models for the G4Region  DefaultRegionForTheWorld ======
               hBrem : Emin=    0 eV  Emax=  100 TeV

hPairProd:  for anti_proton  SubType=4
      dE/dx and range tables from 100 eV  to 100 TeV in 84 bins
      Lambda tables from threshold to 100 TeV, 7 bins/decade, spline: 1
      Sampling table 17x1001; from 7.50618 GeV to 100 TeV 
      ===== EM models for the G4Region  DefaultRegionForTheWorld ======
           hPairProd : Emin=    0 eV  Emax=  100 TeV

CoulombScat:  for anti_proton, integral:1  SubType=1 BuildTable=1
      Lambda table from threshold  to 100 TeV, 7 bins/decade, spline: 1
      ThetaMin(p) < Theta(degree) < 180; pLimit(GeV^1)= 0.139531
      ===== EM models for the G4Region  DefaultRegionForTheWorld ======
  eCoulombScattering : Emin=    0 eV  Emax=  100 TeV

msc:  for kaon+  SubType= 10
      RangeFactor= 0.2, stepLimType: 0, latDisp: 0
      ===== EM models for the G4Region  DefaultRegionForTheWorld ======
        WentzelVIUni : Emin=    0 eV  Emax=  100 TeV Nbins=84 100 eV  - 100 TeV

hIoni:  for kaon+  SubType=2
      dE/dx and range tables from 100 eV  to 100 TeV in 84 bins
      Lambda tables from threshold to 100 TeV, 7 bins/decade, spline: 1
      StepFunction=(0.2, 0.1 mm), integ: 1, fluct: 1, linLossLim= 0.01
      ===== EM models for the G4Region  DefaultRegionForTheWorld ======
               Bragg : Emin=    0 eV  Emax=1.05231 MeV
          BetheBloch : Emin=1.05231 MeV Emax=  100 TeV

hBrems:  for kaon+  SubType=3
      dE/dx and range tables from 100 eV  to 100 TeV in 84 bins
      Lambda tables from threshold to 100 TeV, 7 bins/decade, spline: 1
      ===== EM models for the G4Region  DefaultRegionForTheWorld ======
               hBrem : Emin=    0 eV  Emax=  100 TeV

hPairProd:  for kaon+  SubType=4
      dE/dx and range tables from 100 eV  to 100 TeV in 84 bins
      Lambda tables from threshold to 100 TeV, 7 bins/decade, spline: 1
      Sampling table 18x1001; from 3.94942 GeV to 100 TeV 
      ===== EM models for the G4Region  DefaultRegionForTheWorld ======
           hPairProd : Emin=    0 eV  Emax=  100 TeV

CoulombScat:  for kaon+, integral:1  SubType=1 BuildTable=1
      Lambda table from threshold  to 100 TeV, 7 bins/decade, spline: 1
      ThetaMin(p) < Theta(degree) < 180; pLimit(GeV^1)= 0.139531
      ===== EM models for the G4Region  DefaultRegionForTheWorld ======
  eCoulombScattering : Emin=    0 eV  Emax=  100 TeV

msc:  for kaon-  SubType= 10
      RangeFactor= 0.2, stepLimType: 0, latDisp: 0
      ===== EM models for the G4Region  DefaultRegionForTheWorld ======
        WentzelVIUni : Emin=    0 eV  Emax=  100 TeV Nbins=84 100 eV  - 100 TeV

hIoni:  for kaon-  SubType=2
      dE/dx and range tables from 100 eV  to 100 TeV in 84 bins
      Lambda tables from threshold to 100 TeV, 7 bins/decade, spline: 1
      StepFunction=(0.2, 0.1 mm), integ: 1, fluct: 1, linLossLim= 0.01
      ===== EM models for the G4Region  DefaultRegionForTheWorld ======
            ICRU73QO : Emin=    0 eV  Emax=1.05231 MeV
          BetheBloch : Emin=1.05231 MeV Emax=  100 TeV

hBrems:  for kaon-  SubType=3
      dE/dx and range tables from 100 eV  to 100 TeV in 84 bins
      Lambda tables from threshold to 100 TeV, 7 bins/decade, spline: 1
      ===== EM models for the G4Region  DefaultRegionForTheWorld ======
               hBrem : Emin=    0 eV  Emax=  100 TeV

hPairProd:  for kaon-  SubType=4
      dE/dx and range tables from 100 eV  to 100 TeV in 84 bins
      Lambda tables from threshold to 100 TeV, 7 bins/decade, spline: 1
      Sampling table 18x1001; from 3.94942 GeV to 100 TeV 
      ===== EM models for the G4Region  DefaultRegionForTheWorld ======
           hPairProd : Emin=    0 eV  Emax=  100 TeV

CoulombScat:  for kaon-, integral:1  SubType=1 BuildTable=1
      Used Lambda table of kaon+
      ThetaMin(p) < Theta(degree) < 180; pLimit(GeV^1)= 0.139531
      ===== EM models for the G4Region  DefaultRegionForTheWorld ======
  eCoulombScattering : Emin=    0 eV  Emax=  100 TeV

msc:  for mu+  SubType= 10
      RangeFactor= 0.2, stepLimType: 0, latDisp: 0, polarAngLim(deg)= 180
      ===== EM models for the G4Region  DefaultRegionForTheWorld ======
        WentzelVIUni : Emin=    0 eV  Emax=  100 TeV Nbins=84 100 eV  - 100 TeV

muIoni:  for mu+  SubType=2
      dE/dx and range tables from 100 eV  to 100 TeV in 84 bins
      Lambda tables from threshold to 100 TeV, 7 bins/decade, spline: 1
      StepFunction=(0.2, 0.1 mm), integ: 1, fluct: 1, linLossLim= 0.01
      ===== EM models for the G4Region  DefaultRegionForTheWorld ======
               Bragg : Emin=    0 eV  Emax=  200 keV
          BetheBloch : Emin=  200 keV Emax=    1 GeV
        MuBetheBloch : Emin=    1 GeV Emax=  100 TeV

muBrems:  for mu+  SubType=3
      dE/dx and range tables from 100 eV  to 100 TeV in 84 bins
      Lambda tables from threshold to 100 TeV, 7 bins/decade, spline: 1
      ===== EM models for the G4Region  DefaultRegionForTheWorld ======
              MuBrem : Emin=    0 eV  Emax=  100 TeV

muPairProd:  for mu+  SubType=4
      dE/dx and range tables from 100 eV  to 100 TeV in 84 bins
      Lambda tables from threshold to 100 TeV, 7 bins/decade, spline: 1
      Sampling table 21x1001; from 1 GeV to 100 TeV 
      ===== EM models for the G4Region  DefaultRegionForTheWorld ======
          muPairProd : Emin=    0 eV  Emax=  100 TeV

CoulombScat:  for mu+, integral:1  SubType=1 BuildTable=1
      Lambda table from threshold  to 100 TeV, 7 bins/decade, spline: 1
      ThetaMin(p) < Theta(degree) < 180; pLimit(GeV^1)= 0.139531
      ===== EM models for the G4Region  DefaultRegionForTheWorld ======
  eCoulombScattering : Emin=    0 eV  Emax=  100 TeV

msc:  for mu-  SubType= 10
      RangeFactor= 0.2, stepLimType: 0, latDisp: 0, polarAngLim(deg)= 180
      ===== EM models for the G4Region  DefaultRegionForTheWorld ======
        WentzelVIUni : Emin=    0 eV  Emax=  100 TeV Nbins=84 100 eV  - 100 TeV

muIoni:  for mu-  SubType=2
      dE/dx and range tables from 100 eV  to 100 TeV in 84 bins
      Lambda tables from threshold to 100 TeV, 7 bins/decade, spline: 1
      StepFunction=(0.2, 0.1 mm), integ: 1, fluct: 1, linLossLim= 0.01
      ===== EM models for the G4Region  DefaultRegionForTheWorld ======
            ICRU73QO : Emin=    0 eV  Emax=  200 keV
          BetheBloch : Emin=  200 keV Emax=    1 GeV
        MuBetheBloch : Emin=    1 GeV Emax=  100 TeV

muBrems:  for mu-  SubType=3
      dE/dx and range tables from 100 eV  to 100 TeV in 84 bins
      Lambda tables from threshold to 100 TeV, 7 bins/decade, spline: 1
      ===== EM models for the G4Region  DefaultRegionForTheWorld ======
              MuBrem : Emin=    0 eV  Emax=  100 TeV

muPairProd:  for mu-  SubType=4
      dE/dx and range tables from 100 eV  to 100 TeV in 84 bins
      Lambda tables from threshold to 100 TeV, 7 bins/decade, spline: 1
      Sampling table 21x1001; from 1 GeV to 100 TeV 
      ===== EM models for the G4Region  DefaultRegionForTheWorld ======
          muPairProd : Emin=    0 eV  Emax=  100 TeV

CoulombScat:  for mu-, integral:1  SubType=1 BuildTable=1
      Used Lambda table of mu+
      ThetaMin(p) < Theta(degree) < 180; pLimit(GeV^1)= 0.139531
      ===== EM models for the G4Region  DefaultRegionForTheWorld ======
  eCoulombScattering : Emin=    0 eV  Emax=  100 TeV
NeutronHP: /Capture file for Z = 8, A = 18 is not found and NeutronHP will use /usr/local/share/Geant4-10.5.1/data/G4NDL4.5/Capture/CrossSection/8_17_Oxygen
NeutronHP: /Elastic file for Z = 8, A = 18 is not found and NeutronHP will use /usr/local/share/Geant4-10.5.1/data/G4NDL4.5/Elastic/CrossSection/8_17_Oxygen
NeutronHP: /Inelastic file for Z = 8, A = 18 is not found and NeutronHP will use /usr/local/share/Geant4-10.5.1/data/G4NDL4.5/Inelastic/CrossSection/8_17_Oxygen
NeutronHP: /Capture file for Z = 6, A = 12 is not found and NeutronHP will use /usr/local/share/Geant4-10.5.1/data/G4NDL4.5/Capture/CrossSection/6_nat_Carbon
NeutronHP: /Elastic file for Z = 6, A = 12 is not found and NeutronHP will use /usr/local/share/Geant4-10.5.1/data/G4NDL4.5/Elastic/CrossSection/6_nat_Carbon
NeutronHP: /Inelastic file for Z = 6, A = 12 is not found and NeutronHP will use /usr/local/share/Geant4-10.5.1/data/G4NDL4.5/Inelastic/CrossSection/6_nat_Carbon
NeutronHP: /Capture file for Z = 8, A = 18 is not found and NeutronHP will use /usr/local/share/Geant4-10.5.1/data/G4NDL4.5/Capture/CrossSection/8_17_Oxygen
NeutronHP: /Elastic file for Z = 8, A = 18 is not found and NeutronHP will use /usr/local/share/Geant4-10.5.1/data/G4NDL4.5/Elastic/CrossSection/8_17_Oxygen
NeutronHP: /Inelastic file for Z = 8, A = 18 is not found and NeutronHP will use /usr/local/share/Geant4-10.5.1/data/G4NDL4.5/Inelastic/CrossSection/8_17_Oxygen
NeutronHP: /Elastic file for Z = 8, A = 18 is not found and NeutronHP will use /usr/local/share/Geant4-10.5.1/data/G4NDL4.5/Elastic/CrossSection/8_17_Oxygen
NeutronHP: /Elastic file for Z = 6, A = 12 is not found and NeutronHP will use /usr/local/share/Geant4-10.5.1/data/G4NDL4.5/Elastic/CrossSection/6_nat_Carbon
NeutronHP: /Elastic file for Z = 8, A = 18 is not found and NeutronHP will use /usr/local/share/Geant4-10.5.1/data/G4NDL4.5/Elastic/CrossSection/8_17_Oxygen
@@@ G4ParticleHPInelastic instantiated for particle neutron data directory variable is G4NEUTRONHPDATA pointing to /usr/local/share/Geant4-10.5.1/data/G4NDL4.5/Inelastic
NeutronHP: /Capture file for Z = 8, A = 18 is not found and NeutronHP will use /usr/local/share/Geant4-10.5.1/data/G4NDL4.5/Capture/CrossSection/8_17_Oxygen
NeutronHP: /Capture file for Z = 6, A = 12 is not found and NeutronHP will use /usr/local/share/Geant4-10.5.1/data/G4NDL4.5/Capture/CrossSection/6_nat_Carbon
NeutronHP: /Capture file for Z = 8, A = 18 is not found and NeutronHP will use /usr/local/share/Geant4-10.5.1/data/G4NDL4.5/Capture/CrossSection/8_17_Oxygen

msc:  for pi+  SubType= 10
      RangeFactor= 0.2, stepLimType: 0, latDisp: 0
      ===== EM models for the G4Region  DefaultRegionForTheWorld ======
        WentzelVIUni : Emin=    0 eV  Emax=  100 TeV Nbins=84 100 eV  - 100 TeV

hIoni:  for pi+  SubType=2
      dE/dx and range tables from 100 eV  to 100 TeV in 84 bins
      Lambda tables from threshold to 100 TeV, 7 bins/decade, spline: 1
      StepFunction=(0.2, 0.1 mm), integ: 1, fluct: 1, linLossLim= 0.01
      ===== EM models for the G4Region  DefaultRegionForTheWorld ======
               Bragg : Emin=    0 eV  Emax=297.505 keV
          BetheBloch : Emin=297.505 keV Emax=  100 TeV

hBrems:  for pi+  SubType=3
      dE/dx and range tables from 100 eV  to 100 TeV in 84 bins
      Lambda tables from threshold to 100 TeV, 7 bins/decade, spline: 1
      ===== EM models for the G4Region  DefaultRegionForTheWorld ======
               hBrem : Emin=    0 eV  Emax=  100 TeV

hPairProd:  for pi+  SubType=4
      dE/dx and range tables from 100 eV  to 100 TeV in 84 bins
      Lambda tables from threshold to 100 TeV, 7 bins/decade, spline: 1
      Sampling table 20x1001; from 1.11656 GeV to 100 TeV 
      ===== EM models for the G4Region  DefaultRegionForTheWorld ======
           hPairProd : Emin=    0 eV  Emax=  100 TeV

CoulombScat:  for pi+, integral:1  SubType=1 BuildTable=1
      Lambda table from threshold  to 100 TeV, 7 bins/decade, spline: 1
      ThetaMin(p) < Theta(degree) < 180; pLimit(GeV^1)= 0.139531
      ===== EM models for the G4Region  DefaultRegionForTheWorld ======
  eCoulombScattering : Emin=    0 eV  Emax=  100 TeV

msc:  for pi-  SubType= 10
      RangeFactor= 0.2, stepLimType: 0, latDisp: 0
      ===== EM models for the G4Region  DefaultRegionForTheWorld ======
        WentzelVIUni : Emin=    0 eV  Emax=  100 TeV Nbins=84 100 eV  - 100 TeV

hIoni:  for pi-  SubType=2
      dE/dx and range tables from 100 eV  to 100 TeV in 84 bins
      Lambda tables from threshold to 100 TeV, 7 bins/decade, spline: 1
      StepFunction=(0.2, 0.1 mm), integ: 1, fluct: 1, linLossLim= 0.01
      ===== EM models for the G4Region  DefaultRegionForTheWorld ======
            ICRU73QO : Emin=    0 eV  Emax=297.505 keV
          BetheBloch : Emin=297.505 keV Emax=  100 TeV

hBrems:  for pi-  SubType=3
      dE/dx and range tables from 100 eV  to 100 TeV in 84 bins
      Lambda tables from threshold to 100 TeV, 7 bins/decade, spline: 1
      ===== EM models for the G4Region  DefaultRegionForTheWorld ======
               hBrem : Emin=    0 eV  Emax=  100 TeV

hPairProd:  for pi-  SubType=4
      dE/dx and range tables from 100 eV  to 100 TeV in 84 bins
      Lambda tables from threshold to 100 TeV, 7 bins/decade, spline: 1
      Sampling table 20x1001; from 1.11656 GeV to 100 TeV 
      ===== EM models for the G4Region  DefaultRegionForTheWorld ======
           hPairProd : Emin=    0 eV  Emax=  100 TeV

CoulombScat:  for pi-, integral:1  SubType=1 BuildTable=1
      Used Lambda table of pi+
      ThetaMin(p) < Theta(degree) < 180; pLimit(GeV^1)= 0.139531
      ===== EM models for the G4Region  DefaultRegionForTheWorld ======
  eCoulombScattering : Emin=    0 eV  Emax=  100 TeV

====================================================================
                  HADRONIC PROCESSES SUMMARY (verbose level 1)

---------------------------------------------------
                           Hadronic Processes for GenericIon

  Process: ionInelastic
        Model:  Binary Light Ion Cascade: 0 eV /n ---> 4 GeV/n
        Model:                      FTFP: 2 GeV/n ---> 100 TeV/n
     Cr_sctns:  Glauber-Gribov Nucl-nucl: 0 eV  ---> 100 TeV
     Cr_sctns:          GheishaInelastic: 0 eV  ---> 100 TeV

---------------------------------------------------
                           Hadronic Processes for He3

  Process: hadElastic
        Model:              hElasticLHEP: 0 eV /n ---> 100 TeV/n
     Cr_sctns:  Glauber-Gribov Nucl-nucl: 0 eV  ---> 100 TeV
     Cr_sctns:            GheishaElastic: 0 eV  ---> 100 TeV

  Process: He3Inelastic
        Model:  Binary Light Ion Cascade: 0 eV /n ---> 4 GeV/n
        Model:                      FTFP: 2 GeV/n ---> 100 TeV/n
     Cr_sctns:  Glauber-Gribov Nucl-nucl: 0 eV  ---> 100 TeV
     Cr_sctns:          GheishaInelastic: 0 eV  ---> 100 TeV

---------------------------------------------------
                           Hadronic Processes for alpha

  Process: hadElastic
        Model:              hElasticLHEP: 0 eV /n ---> 100 TeV/n
     Cr_sctns:  Glauber-Gribov Nucl-nucl: 0 eV  ---> 100 TeV
     Cr_sctns:            GheishaElastic: 0 eV  ---> 100 TeV

  Process: alphaInelastic
        Model:  Binary Light Ion Cascade: 0 eV /n ---> 4 GeV/n
        Model:                      FTFP: 2 GeV/n ---> 100 TeV/n
     Cr_sctns:  Glauber-Gribov Nucl-nucl: 0 eV  ---> 100 TeV
     Cr_sctns:          GheishaInelastic: 0 eV  ---> 100 TeV

---------------------------------------------------
                           Hadronic Processes for anti_He3

  Process: hadElastic
        Model:              hElasticLHEP: 0 eV /n ---> 100.1 MeV/n
        Model:              AntiAElastic: 100 MeV/n ---> 100 TeV/n
     Cr_sctns:              AntiAGlauber: 0 eV  ---> 100 TeV
     Cr_sctns:            GheishaElastic: 0 eV  ---> 100 TeV

  Process: anti_He3Inelastic
        Model:                      FTFP: 0 eV /n ---> 100 TeV/n
     Cr_sctns:              AntiAGlauber: 0 eV  ---> 100 TeV
     Cr_sctns:          GheishaInelastic: 0 eV  ---> 100 TeV

  Process: hFritiofCaptureAtRest

---------------------------------------------------
                           Hadronic Processes for anti_alpha

  Process: hadElastic
        Model:              hElasticLHEP: 0 eV /n ---> 100.1 MeV/n
        Model:              AntiAElastic: 100 MeV/n ---> 100 TeV/n
     Cr_sctns:              AntiAGlauber: 0 eV  ---> 100 TeV
     Cr_sctns:            GheishaElastic: 0 eV  ---> 100 TeV

  Process: anti_alphaInelastic
        Model:                      FTFP: 0 eV /n ---> 100 TeV/n
     Cr_sctns:              AntiAGlauber: 0 eV  ---> 100 TeV
     Cr_sctns:          GheishaInelastic: 0 eV  ---> 100 TeV

  Process: hFritiofCaptureAtRest

---------------------------------------------------
                           Hadronic Processes for anti_deuteron

  Process: hadElastic
        Model:              hElasticLHEP: 0 eV /n ---> 100.1 MeV/n
        Model:              AntiAElastic: 100 MeV/n ---> 100 TeV/n
     Cr_sctns:              AntiAGlauber: 0 eV  ---> 100 TeV
     Cr_sctns:            GheishaElastic: 0 eV  ---> 100 TeV

  Process: anti_deuteronInelastic
        Model:                      FTFP: 0 eV /n ---> 100 TeV/n
     Cr_sctns:              AntiAGlauber: 0 eV  ---> 100 TeV
     Cr_sctns:          GheishaInelastic: 0 eV  ---> 100 TeV

  Process: hFritiofCaptureAtRest

---------------------------------------------------
                           Hadronic Processes for anti_neutron

  Process: hadElastic
        Model:              hElasticLHEP: 0 eV  ---> 100 TeV
     Cr_sctns:            GheishaElastic: 0 eV  ---> 100 TeV

  Process: anti_neutronInelastic
        Model:                      FTFP: 0 eV  ---> 100 TeV
     Cr_sctns:              AntiAGlauber: 0 eV  ---> 100 TeV
     Cr_sctns:          GheishaInelastic: 0 eV  ---> 100 TeV

---------------------------------------------------
                           Hadronic Processes for anti_proton

  Process: hadElastic
        Model:              hElasticLHEP: 0 eV  ---> 100.1 MeV
        Model:              AntiAElastic: 100 MeV ---> 100 TeV
     Cr_sctns:              AntiAGlauber: 0 eV  ---> 100 TeV
     Cr_sctns:            GheishaElastic: 0 eV  ---> 100 TeV

  Process: anti_protonInelastic
        Model:                      FTFP: 0 eV  ---> 100 TeV
     Cr_sctns:              AntiAGlauber: 0 eV  ---> 100 TeV
     Cr_sctns:          GheishaInelastic: 0 eV  ---> 100 TeV

  Process: hFritiofCaptureAtRest

---------------------------------------------------
                           Hadronic Processes for anti_triton

  Process: hadElastic
        Model:              hElasticLHEP: 0 eV /n ---> 100.1 MeV/n
        Model:              AntiAElastic: 100 MeV/n ---> 100 TeV/n
     Cr_sctns:              AntiAGlauber: 0 eV  ---> 100 TeV
     Cr_sctns:            GheishaElastic: 0 eV  ---> 100 TeV

  Process: anti_tritonInelastic
        Model:                      FTFP: 0 eV /n ---> 100 TeV/n
     Cr_sctns:              AntiAGlauber: 0 eV  ---> 100 TeV
     Cr_sctns:          GheishaInelastic: 0 eV  ---> 100 TeV

  Process: hFritiofCaptureAtRest

---------------------------------------------------
                           Hadronic Processes for deuteron

  Process: hadElastic
        Model:              hElasticLHEP: 0 eV /n ---> 100 TeV/n
     Cr_sctns:  Glauber-Gribov Nucl-nucl: 0 eV  ---> 100 TeV
     Cr_sctns:            GheishaElastic: 0 eV  ---> 100 TeV

  Process: dInelastic
        Model:  Binary Light Ion Cascade: 0 eV /n ---> 4 GeV/n
        Model:                      FTFP: 2 GeV/n ---> 100 TeV/n
     Cr_sctns:  Glauber-Gribov Nucl-nucl: 0 eV  ---> 100 TeV
     Cr_sctns:          GheishaInelastic: 0 eV  ---> 100 TeV

---------------------------------------------------
                           Hadronic Processes for e+

  Process: positronNuclear
        Model:   G4ElectroVDNuclearModel: 0 eV  ---> 1 PeV
     Cr_sctns:          ElectroNuclearXS: 0 eV  ---> 100 TeV

---------------------------------------------------
                           Hadronic Processes for e-

  Process: electronNuclear
        Model:   G4ElectroVDNuclearModel: 0 eV  ---> 1 PeV
     Cr_sctns:          ElectroNuclearXS: 0 eV  ---> 100 TeV

---------------------------------------------------
                           Hadronic Processes for gamma

  Process: photonNuclear
        Model:            BertiniCascade: 0 eV  ---> 3.5 GeV
        Model:           TheoFSGenerator: 3 GeV ---> 100 TeV
     Cr_sctns:            PhotoNuclearXS: 0 eV  ---> 100 TeV

---------------------------------------------------
                           Hadronic Processes for kaon+

  Process: hadElastic
        Model:              hElasticLHEP: 0 eV  ---> 100 TeV
     Cr_sctns:            Glauber-Gribov: 0 eV  ---> 100 TeV
     Cr_sctns:            GheishaElastic: 0 eV  ---> 100 TeV

  Process: kaon+Inelastic
        Model:                      FTFP: 3 GeV ---> 100 TeV
        Model:            BertiniCascade: 0 eV  ---> 12 GeV
     Cr_sctns:            Glauber-Gribov: 0 eV  ---> 100 TeV
     Cr_sctns:  ChipsKaonPlusInelasticXS: 0 eV  ---> 100 TeV
     Cr_sctns:          GheishaInelastic: 0 eV  ---> 100 TeV

---------------------------------------------------
                           Hadronic Processes for kaon-

  Process: hadElastic
        Model:              hElasticLHEP: 0 eV  ---> 100 TeV
     Cr_sctns:            Glauber-Gribov: 0 eV  ---> 100 TeV
     Cr_sctns:            GheishaElastic: 0 eV  ---> 100 TeV

  Process: kaon-Inelastic
        Model:                      FTFP: 3 GeV ---> 100 TeV
        Model:            BertiniCascade: 0 eV  ---> 12 GeV
     Cr_sctns:            Glauber-Gribov: 0 eV  ---> 100 TeV
     Cr_sctns: ChipsKaonMinusInelasticXS: 0 eV  ---> 100 TeV
     Cr_sctns:          GheishaInelastic: 0 eV  ---> 100 TeV

  Process: hBertiniCaptureAtRest

---------------------------------------------------
                           Hadronic Processes for lambda

  Process: hadElastic
        Model:              hElasticLHEP: 0 eV  ---> 100 TeV
     Cr_sctns:            GheishaElastic: 0 eV  ---> 100 TeV

  Process: lambdaInelastic
        Model:            BertiniCascade: 0 eV  ---> 6 GeV
        Model:                      FTFP: 2 GeV ---> 100 TeV
     Cr_sctns:   ChipsHyperonInelasticXS: 0 eV  ---> 100 TeV
     Cr_sctns:          GheishaInelastic: 0 eV  ---> 100 TeV

---------------------------------------------------
                           Hadronic Processes for mu+

  Process: muonNuclear
        Model:      G4MuonVDNuclearModel: 0 eV  ---> 1 PeV
     Cr_sctns:     KokoulinMuonNuclearXS: 0 eV  ---> 100 TeV

---------------------------------------------------
                           Hadronic Processes for mu-

  Process: muonNuclear
        Model:      G4MuonVDNuclearModel: 0 eV  ---> 1 PeV
     Cr_sctns:     KokoulinMuonNuclearXS: 0 eV  ---> 100 TeV

  Process: muMinusCaptureAtRest

---------------------------------------------------
                           Hadronic Processes for neutron

  Process: hadElastic
        Model:             hElasticCHIPS: 19.5 MeV ---> 100 TeV
        Model:          NeutronHPElastic: 0 eV  ---> 20 MeV
     Cr_sctns:        NeutronHPElasticXS: 0 eV  ---> 20 MeV
     Cr_sctns:        G4NeutronElasticXS: 0 eV  ---> 100 TeV

  Process: neutronInelastic
        Model:                      FTFP: 3 GeV ---> 100 TeV
        Model:            BertiniCascade: 19.9 MeV ---> 12 GeV
        Model:        NeutronHPInelastic: 0 eV  ---> 20 MeV
     Cr_sctns:      NeutronHPInelasticXS: 0 eV  ---> 20 MeV
     Cr_sctns:       Barashenkov-Glauber: 0 eV  ---> 100 TeV

  Process: nCapture
        Model:          NeutronHPCapture: 0 eV  ---> 20 MeV
        Model:               nRadCapture: 19.9 MeV ---> 100 TeV
     Cr_sctns:        NeutronHPCaptureXS: 0 eV  ---> 20 MeV
     Cr_sctns:        G4NeutronCaptureXS: 0 eV  ---> 100 TeV

  Process: nFission
        Model:          NeutronHPFission: 0 eV  ---> 20 MeV
        Model:                G4LFission: 19.9 MeV ---> 100 TeV
     Cr_sctns:        NeutronHPFissionXS: 0 eV  ---> 20 MeV
     Cr_sctns:          GheishaFissionXS: 0 eV  ---> 100 TeV

---------------------------------------------------
                           Hadronic Processes for pi+

  Process: hadElastic
        Model:              hElasticLHEP: 0 eV  ---> 1.0001 GeV
        Model:           hElasticGlauber: 1 GeV ---> 100 TeV
     Cr_sctns:       Barashenkov-Glauber: 0 eV  ---> 100 TeV

  Process: pi+Inelastic
        Model:                      FTFP: 3 GeV ---> 100 TeV
        Model:            BertiniCascade: 0 eV  ---> 12 GeV
     Cr_sctns: Barashenkov-Glauber-Gribov: 0 eV  ---> 100 TeV

---------------------------------------------------
                           Hadronic Processes for pi-

  Process: hadElastic
        Model:              hElasticLHEP: 0 eV  ---> 1.0001 GeV
        Model:           hElasticGlauber: 1 GeV ---> 100 TeV
     Cr_sctns:       Barashenkov-Glauber: 0 eV  ---> 100 TeV

  Process: pi-Inelastic
        Model:                      FTFP: 3 GeV ---> 100 TeV
        Model:            BertiniCascade: 0 eV  ---> 12 GeV
     Cr_sctns: Barashenkov-Glauber-Gribov: 0 eV  ---> 100 TeV

  Process: hBertiniCaptureAtRest

---------------------------------------------------
                           Hadronic Processes for proton

  Process: hadElastic
        Model:             hElasticCHIPS: 0 eV  ---> 100 TeV
     Cr_sctns:       Barashenkov-Glauber: 0 eV  ---> 100 TeV

  Process: protonInelastic
        Model:                      FTFP: 3 GeV ---> 100 TeV
        Model:            BertiniCascade: 0 eV  ---> 12 GeV
     Cr_sctns:       Barashenkov-Glauber: 0 eV  ---> 100 TeV

---------------------------------------------------
                           Hadronic Processes for triton

  Process: hadElastic
        Model:              hElasticLHEP: 0 eV /n ---> 100 TeV/n
     Cr_sctns:  Glauber-Gribov Nucl-nucl: 0 eV  ---> 100 TeV
     Cr_sctns:            GheishaElastic: 0 eV  ---> 100 TeV

  Process: tInelastic
        Model:  Binary Light Ion Cascade: 0 eV /n ---> 4 GeV/n
        Model:                      FTFP: 2 GeV/n ---> 100 TeV/n
     Cr_sctns:  Glauber-Gribov Nucl-nucl: 0 eV  ---> 100 TeV
     Cr_sctns:          GheishaInelastic: 0 eV  ---> 100 TeV

================================================================
Start closing geometry.
G4GeometryManager::ReportVoxelStats -- Voxel Statistics

    Total memory consumed for geometry optimisation:   0 kByte
    Total CPU time elapsed for geometry optimisation: 0 seconds
G4WT1 > /run/verbose 2
G4WT3 > /run/verbose 2
G4WT0 > /run/verbose 2
G4WT2 > /run/verbose 2
G4WT0 > /run/reinitializeGeometry 
G4WT2 > /run/reinitializeGeometry 
G4WT0 > /run/initialize 
G4WT2 > /run/initialize 
G4WT0 > /run/physicsModified 
G4WT3 > /run/reinitializeGeometry 
G4WT1 > /run/reinitializeGeometry 
G4WT2 > /run/physicsModified 
G4WT3 > /run/initialize 
G4WT3 > /run/physicsModified 
G4WT1 > /run/initialize 
G4WT1 > /run/physicsModified 
#
/process/list
     Transportation,               phot,              compt,               conv
               Rayl,                msc,              eIoni,              eBrem
        CoulombScat,            annihil,             muIoni,            muBrems
         muPairProd,              hIoni,             hBrems,          hPairProd
            ionIoni,      photonNuclear,    electronNuclear,    positronNuclear
        muonNuclear,              Decay,         hadElastic,   neutronInelastic
           nCapture,           nFission,    protonInelastic,       pi+Inelastic
       pi-Inelastic,     kaon+Inelastic,     kaon-Inelastic,    kaon0LInelastic
    kaon0SInelastic,    lambdaInelastic,anti-lambdaInelastic,    sigma-Inelastic
anti_sigma-Inelastic,    sigma+Inelastic,anti_sigma+Inelastic,       xi-Inelastic
  anti_xi-Inelastic,       xi0Inelastic,  anti_xi0Inelastic,    omega-Inelastic
anti_omega-Inelastic,anti_protonInelastic,anti_neutronInelastic,anti_deuteronInelastic
anti_tritonInelastic,  anti_He3Inelastic,anti_alphaInelastic,hFritiofCaptureAtRest
hBertiniCaptureAtRest,muMinusCaptureAtRest,         dInelastic,         tInelastic
       He3Inelastic,     alphaInelastic,       ionInelastic
#
/particle/createAllIsomer
/gun/particle neutron
/gun/energy 100 MeV
#
/analysis/setFileName Water_on
Set file name: Water_on
/analysis/h1/set 1 100 0. 200. none
/analysis/h1/set 2 100 0. 5. m
/analysis/h1/set 3 100 0. 1. ns
/analysis/h1/set 4 100 0. 10000. none
/analysis/h1/set 5 100 0. 100. m
/analysis/h1/set 6 100 0. 20. ns
/analysis/h1/set 7 100 0. 500. keV
#
/run/printProgress 200
#
/run/beamOn 2000

Region <DefaultRegionForTheWorld> --  -- appears in <G4_WATER> world volume
 This region is in the mass world.
 Root logical volume(s) : G4_WATER 
 Pointers : G4VUserRegionInformation[0x0], G4UserLimits[0x0], G4FastSimulationManager[0x0], G4UserSteppingAction[0x0]
 Materials : G4_WATER 
 Production cuts :   gamma 700 um      e- 700 um      e+ 700 um  proton 0 fm 

Region <DefaultRegionForParallelWorld> --  -- is not associated to any world.
 Root logical volume(s) : 
 Pointers : G4VUserRegionInformation[0x0], G4UserLimits[0x0], G4FastSimulationManager[0x0], G4UserSteppingAction[0x0]
 Materials : 
 Production cuts :   gamma 700 um      e- 700 um      e+ 700 um  proton 0 fm 

========= Table of registered couples ==============================

Index : 0     used in the geometry : Yes
 Material : G4_WATER
 Range cuts        :  gamma  700 um     e-  700 um     e+  700 um  proton 0 fm 
 Energy thresholds :  gamma  2.51944 keV    e-  276.265 keV    e+  270.751 keV proton 0 eV 
 Region(s) which use this couple : 
    DefaultRegionForTheWorld

====================================================================

### Run 0 starts.

--------- Ranecu engine status ---------
 Initial seed (index) = 0
 Current couple of seeds = 9876, 54321
----------------------------------------
... open Root analysis file : Water_on.root - done
G4WT2 > /process/list 
G4WT1 > /process/list 
G4WT3 > /process/list 
G4WT1 >      Transportation,               phot,              compt,               conv
G4WT2 >      Transportation,               phot,              compt,               conv
G4WT3 >      Transportation,               phot,              compt,               conv
G4WT0 > /process/list 
G4WT2 >                Rayl,                msc,              eIoni,              eBrem
G4WT1 >                Rayl,                msc,              eIoni,              eBrem
G4WT3 >                Rayl,                msc,              eIoni,              eBrem
G4WT0 >      Transportation,               phot,              compt,               conv
G4WT3 >         CoulombScat,            annihil,             muIoni,            muBrems
G4WT1 >         CoulombScat,            annihil,             muIoni,            muBrems
G4WT2 >         CoulombScat,            annihil,             muIoni,            muBrems
G4WT0 >                Rayl,                msc,              eIoni,              eBrem
G4WT3 >          muPairProd,              hIoni,             hBrems,          hPairProd
G4WT1 >          muPairProd,              hIoni,             hBrems,          hPairProd
G4WT2 >          muPairProd,              hIoni,             hBrems,          hPairProd
G4WT0 >         CoulombScat,            annihil,             muIoni,            muBrems
G4WT2 >             ionIoni,      photonNuclear,    electronNuclear,    positronNuclear
G4WT1 >             ionIoni,      photonNuclear,    electronNuclear,    positronNuclear
G4WT3 >             ionIoni,      photonNuclear,    electronNuclear,    positronNuclear
G4WT1 >         muonNuclear,              Decay,         hadElastic,   neutronInelastic
G4WT2 >         muonNuclear,              Decay,         hadElastic,   neutronInelastic
G4WT0 >          muPairProd,              hIoni,             hBrems,          hPairProd
G4WT3 >         muonNuclear,              Decay,         hadElastic,   neutronInelastic
G4WT1 >            nCapture,           nFission,    protonInelastic,       pi+Inelastic
G4WT2 >            nCapture,           nFission,    protonInelastic,       pi+Inelastic
G4WT1 >        pi-Inelastic,     kaon+Inelastic,     kaon-Inelastic,    kaon0LInelastic
G4WT2 >        pi-Inelastic,     kaon+Inelastic,     kaon-Inelastic,    kaon0LInelastic
G4WT1 >     kaon0SInelastic,    lambdaInelastic,anti-lambdaInelastic,    sigma-Inelastic
G4WT2 >     kaon0SInelastic,    lambdaInelastic,anti-lambdaInelastic,    sigma-Inelastic
G4WT1 > anti_sigma-Inelastic,    sigma+Inelastic,anti_sigma+Inelastic,       xi-Inelastic
G4WT2 > anti_sigma-Inelastic,    sigma+Inelastic,anti_sigma+Inelastic,       xi-Inelastic
G4WT1 >   anti_xi-Inelastic,       xi0Inelastic,  anti_xi0Inelastic,    omega-Inelastic
G4WT3 >            nCapture,           nFission,    protonInelastic,       pi+Inelastic
G4WT2 >   anti_xi-Inelastic,       xi0Inelastic,  anti_xi0Inelastic,    omega-Inelastic
G4WT3 >        pi-Inelastic,     kaon+Inelastic,     kaon-Inelastic,    kaon0LInelastic
G4WT0 >             ionIoni,      photonNuclear,    electronNuclear,    positronNuclear
G4WT3 >     kaon0SInelastic,    lambdaInelastic,anti-lambdaInelastic,    sigma-Inelastic
G4WT2 > anti_omega-Inelastic,anti_protonInelastic,anti_neutronInelastic,anti_deuteronInelastic
G4WT3 > anti_sigma-Inelastic,    sigma+Inelastic,anti_sigma+Inelastic,       xi-Inelastic
G4WT1 > anti_omega-Inelastic,anti_protonInelastic,anti_neutronInelastic,anti_deuteronInelastic
G4WT3 >   anti_xi-Inelastic,       xi0Inelastic,  anti_xi0Inelastic,    omega-Inelastic
G4WT0 >         muonNuclear,              Decay,         hadElastic,   neutronInelastic
G4WT2 > anti_tritonInelastic,  anti_He3Inelastic,anti_alphaInelastic,hFritiofCaptureAtRest
G4WT1 > anti_tritonInelastic,  anti_He3Inelastic,anti_alphaInelastic,hFritiofCaptureAtRest
G4WT3 > anti_omega-Inelastic,anti_protonInelastic,anti_neutronInelastic,anti_deuteronInelastic
G4WT1 > hBertiniCaptureAtRest,muMinusCaptureAtRest,         dInelastic,         tInelastic
G4WT0 >            nCapture,           nFission,    protonInelastic,       pi+Inelastic
G4WT2 > hBertiniCaptureAtRest,muMinusCaptureAtRest,         dInelastic,         tInelastic
G4WT0 >        pi-Inelastic,     kaon+Inelastic,     kaon-Inelastic,    kaon0LInelastic
G4WT3 > anti_tritonInelastic,  anti_He3Inelastic,anti_alphaInelastic,hFritiofCaptureAtRest
G4WT1 >        He3Inelastic,     alphaInelastic,       ionInelastic
G4WT3 > hBertiniCaptureAtRest,muMinusCaptureAtRest,         dInelastic,         tInelastic
G4WT0 >     kaon0SInelastic,    lambdaInelastic,anti-lambdaInelastic,    sigma-Inelastic
G4WT2 >        He3Inelastic,     alphaInelastic,       ionInelastic
G4WT1 > /gun/particle neutron
G4WT3 >        He3Inelastic,     alphaInelastic,       ionInelastic
G4WT3 > /gun/particle neutron
G4WT0 > anti_sigma-Inelastic,    sigma+Inelastic,anti_sigma+Inelastic,       xi-Inelastic
G4WT2 > /gun/particle neutron
G4WT0 >   anti_xi-Inelastic,       xi0Inelastic,  anti_xi0Inelastic,    omega-Inelastic
G4WT0 > anti_omega-Inelastic,anti_protonInelastic,anti_neutronInelastic,anti_deuteronInelastic
G4WT0 > anti_tritonInelastic,  anti_He3Inelastic,anti_alphaInelastic,hFritiofCaptureAtRest
G4WT3 > /gun/energy 100 MeV
G4WT1 > /gun/energy 100 MeV
G4WT0 > hBertiniCaptureAtRest,muMinusCaptureAtRest,         dInelastic,         tInelastic
G4WT2 > /gun/energy 100 MeV
G4WT0 >        He3Inelastic,     alphaInelastic,       ionInelastic
G4WT1 > /analysis/setFileName Water_on
G4WT2 > /analysis/setFileName Water_on
G4WT0 > /gun/particle neutron
G4WT3 > /analysis/setFileName Water_on
G4WT1 > Set file name: Water_on
G4WT2 > Set file name: Water_on
G4WT3 > Set file name: Water_on
G4WT3 > /analysis/h1/set 1 100 0. 200. none
G4WT0 > /gun/energy 100 MeV
G4WT2 > /analysis/h1/set 1 100 0. 200. none
G4WT1 > /analysis/h1/set 1 100 0. 200. none
G4WT0 > /analysis/setFileName Water_on
G4WT0 > Set file name: Water_on
G4WT0 > /analysis/h1/set 1 100 0. 200. none
G4WT3 > /analysis/h1/set 2 100 0. 5. m
G4WT2 > /analysis/h1/set 2 100 0. 5. m
G4WT1 > /analysis/h1/set 2 100 0. 5. m
G4WT0 > /analysis/h1/set 2 100 0. 5. m
G4WT3 > /analysis/h1/set 3 100 0. 1. ns
G4WT2 > /analysis/h1/set 3 100 0. 1. ns
G4WT1 > /analysis/h1/set 3 100 0. 1. ns
G4WT0 > /analysis/h1/set 3 100 0. 1. ns
G4WT3 > /analysis/h1/set 4 100 0. 10000. none
G4WT2 > /analysis/h1/set 4 100 0. 10000. none
G4WT1 > /analysis/h1/set 4 100 0. 10000. none
G4WT0 > /analysis/h1/set 4 100 0. 10000. none
G4WT3 > /analysis/h1/set 5 100 0. 100. m
G4WT2 > /analysis/h1/set 5 100 0. 100. m
G4WT1 > /analysis/h1/set 5 100 0. 100. m
G4WT0 > /analysis/h1/set 5 100 0. 100. m
G4WT3 > /analysis/h1/set 6 100 0. 20. ns
G4WT2 > /analysis/h1/set 6 100 0. 20. ns
G4WT1 > /analysis/h1/set 6 100 0. 20. ns
G4WT0 > /analysis/h1/set 6 100 0. 20. ns
G4WT3 > /analysis/h1/set 7 100 0. 500. keV
G4WT2 > /analysis/h1/set 7 100 0. 500. keV
G4WT1 > /analysis/h1/set 7 100 0. 500. keV
G4WT0 > /analysis/h1/set 7 100 0. 500. keV
G4WT3 > /run/printProgress 200
G4WT0 > /run/printProgress 200
G4WT2 > /run/printProgress 200
G4WT1 > /run/printProgress 200
G4WT1 > ### Run 0 starts on worker thread 1.
G4WT2 > ### Run 0 starts on worker thread 2.
G4WT0 > ### Run 0 starts on worker thread 0.
G4WT3 > ### Run 0 starts on worker thread 3.
G4WT0 > ... open Root analysis file : Water_on_t0.root - done
G4WT2 > ... open Root analysis file : Water_on_t2.root - done
G4WT1 > ... open Root analysis file : Water_on_t1.root - done
G4WT0 > --> Event 0 starts with initial seeds (15470735,58711377).
G4WT3 > ... open Root analysis file : Water_on_t3.root - done
G4WT2 > --> Event 200 starts with initial seeds (54325673,23191597).
G4WT1 > --> Event 400 starts with initial seeds (54454752,3743942).
G4WT3 > --> Event 600 starts with initial seeds (37844090,80676144).
G4WT3 > --> Event 800 starts with initial seeds (17870526,37945701).
G4WT0 > --> Event 1000 starts with initial seeds (71728658,19690414).
G4WT0 > --> Event 1200 starts with initial seeds (14626204,38094975).
G4WT2 > --> Event 1400 starts with initial seeds (63748587,29840907).
G4WT0 > --> Event 1600 starts with initial seeds (17599780,9489704).
G4WT3 > --> Event 1800 starts with initial seeds (30204104,16086815).
G4WT2 > Thread-local run terminated.
G4WT2 > Run Summary
G4WT2 >   Number of events processed : 528
G4WT2 >   User=3.910000s Real=1.277507s Sys=0.020000s [Cpu=307.6%]
G4WT2 > ... merge Root all H1 :  - done
G4WT2 > ... write Root file : Water_on_t2.root - done
G4WT2 > ... close Root file : Water_on_t2.root - done
G4WT2 > ... delete Root empty file : Water_on_t2.root - done
G4WT3 > Thread-local run terminated.
G4WT3 > Run Summary
G4WT3 >   Number of events processed : 506
G4WT3 >   User=3.970000s Real=1.297010s Sys=0.020000s [Cpu=307.6%]
G4WT3 > ... merge Root all H1 :  - done
G4WT3 > ... write Root file : Water_on_t3.root - done
G4WT3 > ... close Root file : Water_on_t3.root - done
G4WT3 > ... delete Root empty file : Water_on_t3.root - done
G4WT0 > Thread-local run terminated.
G4WT0 > Run Summary
G4WT0 >   Number of events processed : 548
G4WT0 >   User=3.980000s Real=1.306585s Sys=0.020000s [Cpu=306.1%]
G4WT0 > ... merge Root all H1 :  - done
G4WT0 > ... write Root file : Water_on_t0.root - done
G4WT0 > ... close Root file : Water_on_t0.root - done
G4WT0 > ... delete Root empty file : Water_on_t0.root - done
G4WT1 > Thread-local run terminated.
G4WT1 > Run Summary
G4WT1 >   Number of events processed : 418
G4WT1 >   User=4.010000s Real=1.328934s Sys=0.020000s [Cpu=303.3%]
G4WT1 > ... merge Root all H1 :  - done
G4WT1 > ... write Root file : Water_on_t1.root - done
G4WT1 > ... close Root file : Water_on_t1.root - done
G4WT1 > ... delete Root empty file : Water_on_t1.root - done
 Run terminated.
Run Summary
  Number of events processed : 2000
  User=4.010000s Real=1.340815s Sys=0.030000s [Cpu=301.3%]

 The run is 2000 neutron of 100 MeV through 10 m   of G4_WATER (density: 1 g/cm3 )

 Process calls frequency :
	Decay= 1	hadElastic= 45217	nCapture= 302	neutronInelastic= 1697

 Parcours of incident neutron:
   nb of collisions    E>1*eV= 4.2395      E<1*eV= 19.369       total= 23.608
   track length        E>1*eV= 53.775 cm   E<1*eV= 38.392 cm    total= 92.167 cm 
   time of flight      E>1*eV= 123.39 ns  E<1*eV= 678.28 ms   total= 678.28 ms

 List of generated particles:
            B10:      11  Emean =  5.7305 MeV	( 2.4847 MeV --> 11.217 MeV)
            B11:      17  Emean =  4.6921 MeV	( 1.3147 MeV --> 10.078 MeV)
            B13:       2  Emean =  7.0275 MeV	( 3.6683 MeV --> 10.387 MeV)
             B9:       1  Emean =  4.2278 MeV	( 4.2278 MeV --> 4.2278 MeV)
           Be10:       5  Emean =   2.724 MeV	( 355.19 keV --> 5.1501 MeV)
            Be7:       1  Emean =  8.1264 MeV	( 8.1264 MeV --> 8.1264 MeV)
            Be8:      79  Emean =  5.3526 MeV	( 21.464 keV --> 19.159 MeV)
            Be9:       1  Emean =  679.38 keV	( 679.38 keV --> 679.38 keV)
            C11:       5  Emean =  5.5962 MeV	( 1.6254 MeV --> 11.645 MeV)
            C12:     437  Emean =  3.8468 MeV	( 66.219 keV --> 20.655 MeV)
            C13:     142  Emean =  3.4162 MeV	( 55.513 keV --> 17.254 MeV)
            C14:      56  Emean =   3.165 MeV	( 168.91 keV --> 9.6617 MeV)
            C15:       1  Emean = 0.069571 eV 	( 0.069571 eV  --> 0.069571 eV )
            He3:      15  Emean =  10.029 MeV	( 3.2457 MeV --> 34.285 MeV)
            Li7:       1  Emean =  6.5436 MeV	( 6.5436 MeV --> 6.5436 MeV)
            N13:      27  Emean =  3.9106 MeV	( 245.09 keV --> 16.387 MeV)
            N14:     260  Emean =  2.9853 MeV	( 29.795 keV --> 15.151 MeV)
            N15:     264  Emean =  2.1309 MeV	( 51.461 keV --> 14.046 MeV)
            N16:       9  Emean =  2.3144 MeV	( 663.06 keV --> 7.4442 MeV)
            O14:      10  Emean =  2.1624 MeV	( 380.96 keV --> 6.3401 MeV)
            O15:     128  Emean =  2.3035 MeV	( 66.955 keV --> 10.893 MeV)
            O16:    6274  Emean =  222.36 keV	( 0.00020918 eV  --> 22.065 MeV)
            O17:       3  Emean =  213.06 keV	( 0.081513 eV  --> 639.19 keV)
            O18:       9  Emean =  2.5975 keV	( 0.010114 eV  --> 23.377 keV)
          alpha:     530  Emean =  6.4755 MeV	( 0.015897 eV  --> 32.671 MeV)
      anti_nu_e:       1  Emean =   653.7 keV	( 653.7 keV --> 653.7 keV)
       deuteron:     455  Emean =  4.3476 MeV	( 0.067062 eV  --> 78.68 MeV)
             e-:       1  Emean =  128.55 keV	( 128.55 keV --> 128.55 keV)
          gamma:    3848  Emean =  1.8598 MeV	( 1.0715 keV --> 10.918 MeV)
        neutron:    2620  Emean =  31.551 MeV	( 38.236 keV --> 97.481 MeV)
         proton:   40450  Emean =  1.6831 MeV	( 3.8767e-05 eV  --> 99.99 MeV)
         triton:      22  Emean =  7.6712 MeV	( 589.6 keV --> 52.419 MeV)
... write Root file : Water_on.root - done
... close Root file : Water_on.root - done

--------- Ranecu engine status ---------
 Initial seed (index) = 0
 Current couple of seeds = 237199359, 665277394
----------------------------------------
G4WT0 > Destroying WorkerRunManager (0x7ffa1fdcfb80)
G4WT0 > G4 kernel has come to Quit state.
G4WT0 > UserRunAction deleted.
G4WT0 > UserPrimaryGenerator deleted.
G4WT0 > RunManager is deleting RunManagerKernel.
G4WT0 > EventManager deleted.
G4WT0 > Units table cleared.
G4WT0 > TransportationManager deleted.
G4WT0 > Total navigation history collections cleaned: 5
G4WT0 > ================== Deleting memory pools ===================
G4WT0 > Pool ID '20G4NavigationLevelRep', size : 0.00481 MB
G4WT0 > Pool ID '24G4ReferenceCountedHandleIvE', size : 0.000961 MB
G4WT0 > Pool ID '7G4Event', size : 0.000961 MB
G4WT0 > Pool ID '15G4PrimaryVertex', size : 0.000961 MB
G4WT0 > Pool ID '17G4PrimaryParticle', size : 0.000961 MB
G4WT0 > Pool ID '17G4DynamicParticle', size : 0.0952 MB
G4WT0 > Pool ID '7G4Track', size : 0.19 MB
G4WT0 > Pool ID '18G4TouchableHistory', size : 0.000961 MB
G4WT0 > Pool ID '15G4CountedObjectIvE', size : 0.000961 MB
G4WT0 > Pool ID '17G4ReactionProduct', size : 0.000961 MB
G4WT0 > Number of memory pools allocated: 10; of which, static: 0
G4WT0 > Dynamic pools deleted: 10 / Total memory freed: 0.3 MB
G4WT0 > ============================================================
G4WT0 > G4Allocator objects are deleted.
G4WT0 > Thread-local UImanager is to be deleted.
G4WT0 > There should not be any thread-local G4cout/G4cerr hereafter.
G4WT2 > Destroying WorkerRunManager (0x7ffa1f9df2a0)
G4WT2 > G4 kernel has come to Quit state.
G4WT2 > UserRunAction deleted.
G4WT2 > UserPrimaryGenerator deleted.
G4WT2 > RunManager is deleting RunManagerKernel.
G4WT2 > EventManager deleted.
G4WT2 > Units table cleared.
G4WT2 > TransportationManager deleted.
G4WT2 > Total navigation history collections cleaned: 5
G4WT2 > ================== Deleting memory pools ===================
G4WT2 > Pool ID '20G4NavigationLevelRep', size : 0.00481 MB
G4WT2 > Pool ID '24G4ReferenceCountedHandleIvE', size : 0.000961 MB
G4WT2 > Pool ID '7G4Event', size : 0.000961 MB
G4WT2 > Pool ID '15G4PrimaryVertex', size : 0.000961 MB
G4WT2 > Pool ID '17G4PrimaryParticle', size : 0.000961 MB
G4WT2 > Pool ID '17G4DynamicParticle', size : 0.104 MB
G4WT2 > Pool ID '7G4Track', size : 0.207 MB
G4WT2 > Pool ID '18G4TouchableHistory', size : 0.000961 MB
G4WT2 > Pool ID '15G4CountedObjectIvE', size : 0.000961 MB
G4WT2 > Pool ID '17G4ReactionProduct', size : 0.000961 MB
G4WT2 > Number of memory pools allocated: 10; of which, static: 0
G4WT2 > Dynamic pools deleted: 10 / Total memory freed: 0.32 MB
G4WT2 > ============================================================
G4WT2 > G4Allocator objects are deleted.
G4WT2 > Thread-local UImanager is to be deleted.
G4WT2 > There should not be any thread-local G4cout/G4cerr hereafter.
G4WT3 > Destroying WorkerRunManager (0x7ffa1fe1ce70)
G4WT3 > G4 kernel has come to Quit state.
G4WT3 > UserRunAction deleted.
G4WT3 > UserPrimaryGenerator deleted.
G4WT3 > RunManager is deleting RunManagerKernel.
G4WT3 > EventManager deleted.
G4WT3 > Units table cleared.
G4WT3 > TransportationManager deleted.
G4WT3 > Total navigation history collections cleaned: 5
G4WT3 > ================== Deleting memory pools ===================
G4WT3 > Pool ID '20G4NavigationLevelRep', size : 0.00481 MB
G4WT3 > Pool ID '24G4ReferenceCountedHandleIvE', size : 0.000961 MB
G4WT3 > Pool ID '7G4Event', size : 0.000961 MB
G4WT3 > Pool ID '15G4PrimaryVertex', size : 0.000961 MB
G4WT3 > Pool ID '17G4PrimaryParticle', size : 0.000961 MB
G4WT3 > Pool ID '17G4DynamicParticle', size : 0.0884 MB
G4WT3 > Pool ID '7G4Track', size : 0.177 MB
G4WT3 > Pool ID '18G4TouchableHistory', size : 0.000961 MB
G4WT3 > Pool ID '15G4CountedObjectIvE', size : 0.000961 MB
G4WT3 > Pool ID '17G4ReactionProduct', size : 0.000961 MB
G4WT3 > Number of memory pools allocated: 10; of which, static: 0
G4WT3 > Dynamic pools deleted: 10 / Total memory freed: 0.28 MB
G4WT3 > ============================================================
G4WT3 > G4Allocator objects are deleted.
G4WT3 > Thread-local UImanager is to be deleted.
G4WT3 > There should not be any thread-local G4cout/G4cerr hereafter.
G4WT1 > Destroying WorkerRunManager (0x7ffa1f5c9950)
G4WT1 > G4 kernel has come to Quit state.
G4WT1 > UserRunAction deleted.
G4WT1 > UserPrimaryGenerator deleted.
G4WT1 > RunManager is deleting RunManagerKernel.
G4WT1 > EventManager deleted.
G4WT1 > Units table cleared.
G4WT1 > TransportationManager deleted.
G4WT1 > Total navigation history collections cleaned: 5
G4WT1 > ================== Deleting memory pools ===================
G4WT1 > Pool ID '20G4NavigationLevelRep', size : 0.00481 MB
G4WT1 > Pool ID '24G4ReferenceCountedHandleIvE', size : 0.000961 MB
G4WT1 > Pool ID '7G4Event', size : 0.000961 MB
G4WT1 > Pool ID '15G4PrimaryVertex', size : 0.000961 MB
G4WT1 > Pool ID '17G4PrimaryParticle', size : 0.000961 MB
G4WT1 > Pool ID '17G4DynamicParticle', size : 0.11 MB
G4WT1 > Pool ID '7G4Track', size : 0.219 MB
G4WT1 > Pool ID '18G4TouchableHistory', size : 0.000961 MB
G4WT1 > Pool ID '15G4CountedObjectIvE', size : 0.000961 MB
G4WT1 > Pool ID '17G4ReactionProduct', size : 0.000961 MB
G4WT1 > Number of memory pools allocated: 10; of which, static: 0
G4WT1 > Dynamic pools deleted: 10 / Total memory freed: 0.34 MB
G4WT1 > ============================================================
G4WT1 > G4Allocator objects are deleted.
G4WT1 > Thread-local UImanager is to be deleted.
G4WT1 > There should not be any thread-local G4cout/G4cerr hereafter.
G4 kernel has come to Quit state.
UserDetectorConstruction deleted.
UserPhysicsList deleted.
UserActionInitialization deleted.
UserWorkerThreadInitialization deleted.
UserRunAction deleted.
RunManager is deleting RunManagerKernel.
EventManager deleted.
Units table cleared.
TransportationManager deleted.
Total navigation history collections cleaned: 3
G4RNGHelper object is deleted.
================== Deleting memory pools ===================
Pool ID '20G4NavigationLevelRep', size : 0.00288 MB
Pool ID '24G4ReferenceCountedHandleIvE', size : 0.000961 MB
Pool ID '17G4DynamicParticle', size : 0.000961 MB
Pool ID '15G4CountedObjectIvE', size : 0.000961 MB
Number of memory pools allocated: 4; of which, static: 0
Dynamic pools deleted: 4 / Total memory freed: 0.0058 MB
============================================================
G4Allocator objects are deleted.
UImanager deleted.
StateManager deleted.
RunManagerKernel is deleted. Good bye :)
